Build started 11/17/2012 12:30:06 AM.
     1>Project "D:\cygwin\home\latentprion\tms\odbcserver\odbcserver.vcxproj" on node 2 (build target(s)).
     1>InitializeBuildStatus:
         Creating "Debug\odbcserver.unsuccessfulbuild" because "AlwaysCreate" was specified.
       ClCompile:
         C:\Program Files (x86)\Microsoft Visual Studio 10.0\VC\bin\CL.exe /c /Zi /nologo /W3 /WX- /Od /Oy- /D WIN32 /D _DEBUG /D _WINDOWS /Gm /EHsc /RTC1 /MDd /GS /fp:precise /Zc:wchar_t /Zc:forScope /Fo"Debug\\" /Fd"Debug\vc100.pdb" /Gd /TP /analyze- /errorReport:prompt messages.cpp odbcserver.cpp socketConnection.cpp
         socketConnection.cpp
         odbcserver.cpp
     1>odbcserver.cpp(110): warning C4996: '_wcserror': This function or variable may be unsafe. Consider using _wcserror_s instead. To disable deprecation, use _CRT_SECURE_NO_WARNINGS. See online help for details.
                 C:\Program Files (x86)\Microsoft Visual Studio 10.0\VC\include\string.h(315) : see declaration of '_wcserror'
     1>odbcserver.cpp(36): warning C4101: 'ret' : unreferenced local variable
         messages.cpp
         Generating Code...
       ManifestResourceCompile:
         C:\Program Files (x86)\Microsoft SDKs\Windows\v7.0A\bin\rc.exe /nologo /fo"Debug\odbcserver.exe.embed.manifest.res" Debug\odbcserver_manifest.rc 
       Link:
         C:\Program Files (x86)\Microsoft Visual Studio 10.0\VC\bin\link.exe /ERRORREPORT:PROMPT /OUT:"D:\cygwin\home\latentprion\tms\odbcserver\Debug\odbcserver.exe" /INCREMENTAL /NOLOGO kernel32.lib user32.lib gdi32.lib winspool.lib comdlg32.lib advapi32.lib shell32.lib ole32.lib oleaut32.lib uuid.lib odbc32.lib odbccp32.lib /MANIFEST /ManifestFile:"Debug\odbcserver.exe.intermediate.manifest" /MANIFESTUAC:"level='asInvoker' uiAccess='false'" /DEBUG /PDB:"D:\cygwin\home\latentprion\tms\odbcserver\Debug\odbcserver.pdb" /SUBSYSTEM:WINDOWS /TLBID:1 /DYNAMICBASE /NXCOMPAT /IMPLIB:"D:\cygwin\home\latentprion\tms\odbcserver\Debug\odbcserver.lib" /MACHINE:X86 Debug\odbcserver.exe.embed.manifest.res
         Debug\messages.obj
         Debug\odbcserver.obj
         Debug\socketConnection.obj
       Manifest:
         C:\Program Files (x86)\Microsoft SDKs\Windows\v7.0A\bin\mt.exe /nologo /verbose /out:"Debug\odbcserver.exe.embed.manifest" /manifest Debug\odbcserver.exe.intermediate.manifest
         All outputs are up-to-date.
       LinkEmbedManifest:
         All outputs are up-to-date.
         odbcserver.vcxproj -> D:\cygwin\home\latentprion\tms\odbcserver\Debug\odbcserver.exe
       FinalizeBuildStatus:
         Deleting file "Debug\odbcserver.unsuccessfulbuild".
         Touching "Debug\odbcserver.lastbuildstate".
     1>Done Building Project "D:\cygwin\home\latentprion\tms\odbcserver\odbcserver.vcxproj" (build target(s)).

Build succeeded.

Time Elapsed 00:00:07.27
